[debug] [2024-07-07T13:19:14.126Z] ----------------------------------------------------------------------
[debug] [2024-07-07T13:19:14.127Z] Command:       /usr/local/bin/node /usr/local/bin/firebase init
[debug] [2024-07-07T13:19:14.127Z] CLI Version:   13.13.0
[debug] [2024-07-07T13:19:14.127Z] Platform:      darwin
[debug] [2024-07-07T13:19:14.128Z] Node Version:  v18.17.0
[debug] [2024-07-07T13:19:14.128Z] Time:          Sun Jul 07 2024 18:49:14 GMT+0530 (India Standard Time)
[debug] [2024-07-07T13:19:14.128Z] ----------------------------------------------------------------------
[debug] 
[debug] [2024-07-07T13:19:14.131Z] > command requires scopes: ["email","openid","https://www.googleapis.com/auth/cloudplatformprojects.readonly","https://www.googleapis.com/auth/firebase","https://www.googleapis.com/auth/cloud-platform"]
[debug] [2024-07-07T13:19:14.131Z] > authorizing via signed-in user (ambatirahulsai2002@gmail.com)
[info] 
     ######## #### ########  ######## ########     ###     ######  ########
     ##        ##  ##     ## ##       ##     ##  ##   ##  ##       ##
     ######    ##  ########  ######   ########  #########  ######  ######
     ##        ##  ##    ##  ##       ##     ## ##     ##       ## ##
     ##       #### ##     ## ######## ########  ##     ##  ######  ########

You're about to initialize a Firebase project in this directory:

  /Users/my_mac/Desktop/My Projects/Project-14/Hodophiles/frontend

[info] 
=== Project Setup
[info] 
[info] First, let's associate this project directory with a Firebase project.
[info] You can create multiple project aliases by running firebase use --add, 
[info] but for now we'll just set up a default project.
[info] 
[debug] [2024-07-07T13:19:21.806Z] >>> [apiv2][query] GET https://firebase.googleapis.com/v1beta1/projects pageSize=100
[debug] [2024-07-07T13:19:22.835Z] <<< [apiv2][status] GET https://firebase.googleapis.com/v1beta1/projects 200
[debug] [2024-07-07T13:19:22.835Z] <<< [apiv2][body] GET https://firebase.googleapis.com/v1beta1/projects [omitted]
[info] i  Using project hodophiles-4a284 (Hodophiles) 
[info] 
=== Hosting Setup
[debug] [2024-07-07T13:19:26.078Z] >>> [apiv2][query] GET https://firebase.googleapis.com/v1beta1/projects/hodophiles-4a284 [none]
[debug] [2024-07-07T13:19:26.929Z] <<< [apiv2][status] GET https://firebase.googleapis.com/v1beta1/projects/hodophiles-4a284 200
[debug] [2024-07-07T13:19:26.930Z] <<< [apiv2][body] GET https://firebase.googleapis.com/v1beta1/projects/hodophiles-4a284 {"projectId":"hodophiles-4a284","projectNumber":"952008156332","displayName":"Hodophiles","name":"projects/hodophiles-4a284","resources":{"hostingSite":"hodophiles-4a284"},"state":"ACTIVE","etag":"1_d41db13a-4cb5-4917-a1d5-5cca40740418"}
[info] 
[info] Your public directory is the folder (relative to your project directory) that
[info] will contain Hosting assets to be uploaded with firebase deploy. If you
[info] have a build process for your assets, use your build's output directory.
[info] 
[debug] [2024-07-07T13:20:21.095Z] >>> [apiv2][query] GET https://www.gstatic.com/firebasejs/releases.json [none]
[debug] [2024-07-07T13:20:21.721Z] <<< [apiv2][status] GET https://www.gstatic.com/firebasejs/releases.json 200
[debug] [2024-07-07T13:20:21.721Z] <<< [apiv2][body] GET https://www.gstatic.com/firebasejs/releases.json {"current":{"version":"10.12.3","browserURL":"https://www.gstatic.com/firebasejs/10.12.3/firebase.js","packageURL":"https://www.gstatic.com/firebasejs/10.12.3/firebase.tgz"},"live":{"version":"10.12","browserURL":"https://www.gstatic.com/firebasejs/live/10.12/firebase.js","packageURL":"https://www.gstatic.com/firebasejs/live/10.12/firebase.tgz"},"components":{"analytics":"https://www.gstatic.com/firebasejs/10.12.3/firebase-analytics.js","app":"https://www.gstatic.com/firebasejs/10.12.3/firebase-app.js","app-check":"https://www.gstatic.com/firebasejs/10.12.3/firebase-app-check.js","auth":"https://www.gstatic.com/firebasejs/10.12.3/firebase-auth.js","auth/cordova":"https://www.gstatic.com/firebasejs/10.12.3/firebase-auth/cordova.js","auth/web-extension":"https://www.gstatic.com/firebasejs/10.12.3/firebase-auth/web-extension.js","functions":"https://www.gstatic.com/firebasejs/10.12.3/firebase-functions.js","firestore":"https://www.gstatic.com/firebasejs/10.12.3/firebase-firestore.js","firestore/lite":"https://www.gstatic.com/firebasejs/10.12.3/firebase-firestore/lite.js","installations":"https://www.gstatic.com/firebasejs/10.12.3/firebase-installations.js","storage":"https://www.gstatic.com/firebasejs/10.12.3/firebase-storage.js","performance":"https://www.gstatic.com/firebasejs/10.12.3/firebase-performance.js","remote-config":"https://www.gstatic.com/firebasejs/10.12.3/firebase-remote-config.js","messaging":"https://www.gstatic.com/firebasejs/10.12.3/firebase-messaging.js","messaging/sw":"https://www.gstatic.com/firebasejs/10.12.3/firebase-messaging/sw.js","database":"https://www.gstatic.com/firebasejs/10.12.3/firebase-database.js","vertexai-preview":"https://www.gstatic.com/firebasejs/10.12.3/firebase-vertexai-preview.js","firestore.memory":"https://www.gstatic.com/firebasejs/10.12.3/firebase-firestore.memory.js"}}
[info] i  Skipping write of build/index.html 
[info] 
[info] i  Didn't detect a .git folder. Assuming /Users/my_mac/Desktop/My Projects/Project-14/Hodophiles/frontend is the project root. 
[info] i  Authorizing with GitHub to upload your service account to a GitHub repository's secrets store. 
[info] 
[info] Visit this URL on this device to log in:
[info] https://github.com/login/oauth/authorize?client_id=89cf50f02ac6aaed3484&state=170008536&redirect_uri=http%3A%2F%2Flocalhost%3A9005&scope=read%3Auser%20repo%20public_repo
[info] 
[info] Waiting for authentication...
[debug] [2024-07-07T13:20:27.446Z] >>> [apiv2][query] POST https://github.com/login/oauth/access_token [none]
[debug] [2024-07-07T13:20:27.446Z] >>> [apiv2][body] POST https://github.com/login/oauth/access_token [stream]
[debug] [2024-07-07T13:20:28.057Z] <<< [apiv2][status] POST https://github.com/login/oauth/access_token 200
[debug] [2024-07-07T13:20:28.057Z] <<< [apiv2][body] POST https://github.com/login/oauth/access_token {"access_token":"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","token_type":"bearer","scope":"read:user,repo"}
[debug] [2024-07-07T13:20:28.062Z] >>> [apiv2][query] GET https://api.github.com/user [none]
[debug] [2024-07-07T13:20:28.777Z] <<< [apiv2][status] GET https://api.github.com/user 200
[debug] [2024-07-07T13:20:28.778Z] <<< [apiv2][body] GET https://api.github.com/user {"login":"Ambati-Rahul-Sai","id":81459534,"node_id":"MDQ6VXNlcjgxNDU5NTM0","avatar_url":"https://avatars.githubusercontent.com/u/81459534?v=4","gravatar_id":"","url":"https://api.github.com/users/Ambati-Rahul-Sai","html_url":"https://github.com/Ambati-Rahul-Sai","followers_url":"https://api.github.com/users/Ambati-Rahul-Sai/followers","following_url":"https://api.github.com/users/Ambati-Rahul-Sai/following{/other_user}","gists_url":"https://api.github.com/users/Ambati-Rahul-Sai/gists{/gist_id}","starred_url":"https://api.github.com/users/Ambati-Rahul-Sai/starred{/owner}{/repo}","subscriptions_url":"https://api.github.com/users/Ambati-Rahul-Sai/subscriptions","organizations_url":"https://api.github.com/users/Ambati-Rahul-Sai/orgs","repos_url":"https://api.github.com/users/Ambati-Rahul-Sai/repos","events_url":"https://api.github.com/users/Ambati-Rahul-Sai/events{/privacy}","received_events_url":"https://api.github.com/users/Ambati-Rahul-Sai/received_events","type":"User","site_admin":false,"name":null,"company":null,"blog":"","location":null,"email":null,"hireable":null,"bio":null,"twitter_username":null,"public_repos":20,"public_gists":0,"followers":0,"following":0,"created_at":"2021-03-27T06:12:59Z","updated_at":"2024-06-07T06:52:22Z","private_gists":0,"total_private_repos":2,"owned_private_repos":2,"disk_usage":31152,"collaborators":0,"two_factor_authentication":false,"plan":{"name":"free","space":976562499,"collaborators":0,"private_repos":10000}}
[info] 
[info] ✔  Success! Logged into GitHub as Ambati-Rahul-Sai 
[info] 
